Arguments: 
  /Users/testower/.nvm/versions/node/v10.15.0/bin/node /usr/local/Cellar/yarn/1.5.1_1/libexec/bin/yarn.js start

PATH: 
  /Users/testower/.nvm/versions/node/v10.15.0/bin:/Users/testower/Developer/sonar-scanner-3.1.0.1141-macosx/bin:/Users/testower/Developer/Tine/aws-tooling/bin:/Users/testower/Library/Python/2.7/bin:/usr/local/bin:/usr/bin:/bin:/usr/sbin:/sbin:/usr/local/bin:/usr/bin:/bin:/usr/sbin:/sbin:/Users/testower/Developer/sonar-scanner-3.1.0.1141-macosx/bin:/Users/testower/Developer/Tine/aws-tooling/bin:/Users/testower/Library/Python/2.7/bin:/usr/local/opt/fzf/bin

Yarn version: 
  1.5.1

Node version: 
  10.15.0

Platform: 
  darwin x64

npm manifest: 
  No manifest

yarn manifest: 
  No manifest

Lockfile: 
  No lockfile

Trace: 
  Error: Couldn't find a package.json file in "/Users/testower/Developer/test-react-native-loading"
      at new MessageError (/usr/local/Cellar/yarn/1.5.1_1/libexec/lib/cli.js:186:110)
      at /usr/local/Cellar/yarn/1.5.1_1/libexec/lib/cli.js:40048:15
      at Generator.next (<anonymous>)
      at step (/usr/local/Cellar/yarn/1.5.1_1/libexec/lib/cli.js:98:30)
      at /usr/local/Cellar/yarn/1.5.1_1/libexec/lib/cli.js:109:13
